/!\ FAILSAFE /!\  Thu Oct 01 22:28:21 +0700 2009
  Status: 500 Internal Server Error
  Access denied for user 'root'@'localhost' (using password: NO)
    /usr/lib/ruby/gems/1.8/gems/activerecord-2.3.4/lib/active_record/connection_adapters/mysql_adapter.rb:585:in `real_connect'
    /usr/lib/ruby/gems/1.8/gems/activerecord-2.3.4/lib/active_record/connection_adapters/mysql_adapter.rb:585:in `connect'
    /usr/lib/ruby/gems/1.8/gems/activerecord-2.3.4/lib/active_record/connection_adapters/mysql_adapter.rb:199:in `initialize'
    /usr/lib/ruby/gems/1.8/gems/activerecord-2.3.4/lib/active_record/connection_adapters/mysql_adapter.rb:71:in `new'
    /usr/lib/ruby/gems/1.8/gems/activerecord-2.3.4/lib/active_record/connection_adapters/mysql_adapter.rb:71:in `mysql_connection'
    /usr/lib/ruby/gems/1.8/gems/activerecord-2.3.4/lib/active_record/connection_adapters/abstract/connection_pool.rb:223:in `send'
    /usr/lib/ruby/gems/1.8/gems/activerecord-2.3.4/lib/active_record/connection_adapters/abstract/connection_pool.rb:223:in `new_connection'
    /usr/lib/ruby/gems/1.8/gems/activerecord-2.3.4/lib/active_record/connection_adapters/abstract/connection_pool.rb:245:in `checkout_new_connection'
    /usr/lib/ruby/gems/1.8/gems/activerecord-2.3.4/lib/active_record/connection_adapters/abstract/connection_pool.rb:188:in `checkout'
    /usr/lib/ruby/gems/1.8/gems/activerecord-2.3.4/lib/active_record/connection_adapters/abstract/connection_pool.rb:184:in `loop'
    /usr/lib/ruby/gems/1.8/gems/activerecord-2.3.4/lib/active_record/connection_adapters/abstract/connection_pool.rb:184:in `checkout'
    /usr/lib/ruby/1.8/monitor.rb:242:in `synchronize'
    /usr/lib/ruby/gems/1.8/gems/activerecord-2.3.4/lib/active_record/connection_adapters/abstract/connection_pool.rb:183:in `checkout'
    /usr/lib/ruby/gems/1.8/gems/activerecord-2.3.4/lib/active_record/connection_adapters/abstract/connection_pool.rb:98:in `connection'
    /usr/lib/ruby/gems/1.8/gems/activerecord-2.3.4/lib/active_record/connection_adapters/abstract/connection_pool.rb:326:in `retrieve_connection'
    /usr/lib/ruby/gems/1.8/gems/activerecord-2.3.4/lib/active_record/connection_adapters/abstract/connection_specification.rb:123:in `retrieve_connection'
    /usr/lib/ruby/gems/1.8/gems/activerecord-2.3.4/lib/active_record/connection_adapters/abstract/connection_specification.rb:115:in `connection'
    /usr/lib/ruby/gems/1.8/gems/activerecord-2.3.4/lib/active_record/query_cache.rb:9:in `cache'
    /usr/lib/ruby/gems/1.8/gems/activerecord-2.3.4/lib/active_record/query_cache.rb:28:in `call'
    /usr/lib/ruby/gems/1.8/gems/activerecord-2.3.4/lib/active_record/connection_adapters/abstract/connection_pool.rb:361:in `call'
    /usr/lib/ruby/gems/1.8/gems/rack-1.0.0/lib/rack/head.rb:9:in `call'
    /usr/lib/ruby/gems/1.8/gems/rack-1.0.0/lib/rack/methodoverride.rb:24:in `call'
    /usr/lib/ruby/gems/1.8/gems/actionpack-2.3.4/lib/action_controller/params_parser.rb:15:in `call'
    /usr/lib/ruby/gems/1.8/gems/actionpack-2.3.4/lib/action_controller/session/cookie_store.rb:93:in `call'
    /usr/lib/ruby/gems/1.8/gems/actionpack-2.3.4/lib/action_controller/failsafe.rb:26:in `call'
    /usr/lib/ruby/gems/1.8/gems/rack-1.0.0/lib/rack/lock.rb:11:in `call'
    /usr/lib/ruby/gems/1.8/gems/rack-1.0.0/lib/rack/lock.rb:11:in `synchronize'
    /usr/lib/ruby/gems/1.8/gems/rack-1.0.0/lib/rack/lock.rb:11:in `call'
    /usr/lib/ruby/gems/1.8/gems/actionpack-2.3.4/lib/action_controller/dispatcher.rb:114:in `call'
    /usr/lib/ruby/gems/1.8/gems/actionpack-2.3.4/lib/action_controller/reloader.rb:34:in `run'
    /usr/lib/ruby/gems/1.8/gems/actionpack-2.3.4/lib/action_controller/dispatcher.rb:108:in `call'
    /usr/lib/ruby/gems/1.8/gems/rails-2.3.4/lib/rails/rack/static.rb:31:in `call'
    /usr/lib/ruby/gems/1.8/gems/rack-1.0.0/lib/rack/urlmap.rb:46:in `call'
    /usr/lib/ruby/gems/1.8/gems/rack-1.0.0/lib/rack/urlmap.rb:40:in `each'
    /usr/lib/ruby/gems/1.8/gems/rack-1.0.0/lib/rack/urlmap.rb:40:in `call'
    /usr/lib/ruby/gems/1.8/gems/rails-2.3.4/lib/rails/rack/log_tailer.rb:17:in `call'
    /usr/lib/ruby/gems/1.8/gems/rack-1.0.0/lib/rack/content_length.rb:13:in `call'
    /usr/lib/ruby/gems/1.8/gems/rack-1.0.0/lib/rack/handler/webrick.rb:46:in `service'
    /usr/lib/ruby/1.8/webrick/httpserver.rb:104:in `service'
    /usr/lib/ruby/1.8/webrick/httpserver.rb:65:in `run'
    /usr/lib/ruby/1.8/webrick/server.rb:173:in `start_thread'
    /usr/lib/ruby/1.8/webrick/server.rb:162:in `start'
    /usr/lib/ruby/1.8/webrick/server.rb:162:in `start_thread'
    /usr/lib/ruby/1.8/webrick/server.rb:95:in `start'
    /usr/lib/ruby/1.8/webrick/server.rb:92:in `each'
    /usr/lib/ruby/1.8/webrick/server.rb:92:in `start'
    /usr/lib/ruby/1.8/webrick/server.rb:23:in `start'
    /usr/lib/ruby/1.8/webrick/server.rb:82:in `start'
    /usr/lib/ruby/gems/1.8/gems/rack-1.0.0/lib/rack/handler/webrick.rb:13:in `run'
    /usr/lib/ruby/gems/1.8/gems/rails-2.3.4/lib/commands/server.rb:111
    /usr/local/lib/site_ruby/1.8/rubygems/custom_require.rb:31:in `gem_original_require'
    /usr/local/lib/site_ruby/1.8/rubygems/custom_require.rb:31:in `require'
    script/server:3
  [4;36;1mSQL (0.1ms)[0m   [0;1mSET NAMES 'utf8'[0m
  [4;35;1mSQL (0.1ms)[0m   [0mSET SQL_AUTO_IS_NULL=0[0m
  [4;36;1mSQL (0.2ms)[0m   [0;1mSHOW TABLES[0m
  [4;35;1mSQL (47.6ms)[0m   [0mCREATE TABLE `schema_migrations` (`version` varchar(255) NOT NULL) ENGINE=InnoDB[0m
  [4;36;1mSQL (76.3ms)[0m   [0;1mCREATE UNIQUE INDEX `unique_schema_migrations` ON `schema_migrations` (`version`)[0m
  [4;35;1mSQL (0.2ms)[0m   [0mSHOW TABLES[0m
  [4;36;1mSQL (0.3ms)[0m   [0;1mSHOW TABLES[0m
  [4;35;1mSQL (0.3ms)[0m   [0mSELECT version FROM schema_migrations[0m
  [4;36;1mSQL (0.1ms)[0m   [0;1mSHOW TABLES[0m
  [4;36;1mSQL (0.1ms)[0m   [0;1mSET NAMES 'utf8'[0m
  [4;35;1mSQL (0.1ms)[0m   [0mSET SQL_AUTO_IS_NULL=0[0m


Processing Rails::InfoController#properties (for 127.0.0.1 at 2009-10-01 22:31:28) [GET]
  [4;36;1mSQL (0.3ms)[0m   [0;1mSHOW TABLES[0m
  [4;35;1mSQL (0.1ms)[0m   [0mSELECT version FROM schema_migrations[0m
Completed in 80ms (View: 6, DB: 1) | 200 OK [http://0.0.0.0/rails/info/properties]
  [4;36;1mSQL (0.1ms)[0m   [0;1mSET NAMES 'utf8'[0m
  [4;35;1mSQL (0.1ms)[0m   [0mSET SQL_AUTO_IS_NULL=0[0m


Processing Rails::InfoController#properties (for 124.248.189.108 at 2009-10-01 22:46:44) [GET]
  [4;36;1mSQL (0.3ms)[0m   [0;1mSHOW TABLES[0m
  [4;35;1mSQL (0.1ms)[0m   [0mSELECT version FROM schema_migrations[0m
Completed in 19ms (View: 2, DB: 1) | 200 OK [http://infomopticon.kinyei.org/rails/info/properties]
  [4;36;1mSQL (0.1ms)[0m   [0;1mSET NAMES 'utf8'[0m
  [4;35;1mSQL (0.1ms)[0m   [0mSET SQL_AUTO_IS_NULL=0[0m


Processing Rails::InfoController#properties (for 124.248.189.108 at 2009-10-02 00:18:39) [GET]
  [4;36;1mSQL (0.3ms)[0m   [0;1mSHOW TABLES[0m
  [4;35;1mSQL (0.1ms)[0m   [0mSELECT version FROM schema_migrations[0m
Completed in 27ms (View: 2, DB: 1) | 200 OK [http://infomopticon.kinyei.org/rails/info/properties]
  [4;36;1mSQL (0.1ms)[0m   [0;1mSET NAMES 'utf8'[0m
  [4;35;1mSQL (0.1ms)[0m   [0mSET SQL_AUTO_IS_NULL=0[0m


Processing Rails::InfoController#properties (for 124.248.189.108 at 2009-10-02 00:18:59) [GET]
  [4;36;1mSQL (0.3ms)[0m   [0;1mSHOW TABLES[0m
  [4;35;1mSQL (0.1ms)[0m   [0mSELECT version FROM schema_migrations[0m
Completed in 62ms (View: 2, DB: 1) | 200 OK [http://infomopticon.kinyei.org/rails/info/properties]
  [4;36;1mSQL (0.1ms)[0m   [0;1mSET NAMES 'utf8'[0m
  [4;35;1mSQL (0.1ms)[0m   [0mSET SQL_AUTO_IS_NULL=0[0m


Processing MessageController#index (for 124.248.189.108 at 2009-10-02 00:20:27) [GET]

NoMethodError (You have a nil object when you didn't expect it!
The error occurred while evaluating nil.gsub):
  /usr/lib/ruby/1.8/cgi.rb:370:in `unescapeHTML'
  app/controllers/message_controller.rb:10:in `index'
  passenger (2.2.5) lib/phusion_passenger/rack/request_handler.rb:95:in `process_request'
  passenger (2.2.5) lib/phusion_passenger/abstract_request_handler.rb:207:in `main_loop'
  passenger (2.2.5) lib/phusion_passenger/railz/application_spawner.rb:378:in `start_request_handler'
  passenger (2.2.5) lib/phusion_passenger/railz/application_spawner.rb:336:in `handle_spawn_application'
  passenger (2.2.5) lib/phusion_passenger/utils.rb:183:in `safe_fork'
  passenger (2.2.5) lib/phusion_passenger/railz/application_spawner.rb:334:in `handle_spawn_application'
  passenger (2.2.5) lib/phusion_passenger/abstract_server.rb:352:in `__send__'
  passenger (2.2.5) lib/phusion_passenger/abstract_server.rb:352:in `main_loop'
  passenger (2.2.5) lib/phusion_passenger/abstract_server.rb:196:in `start_synchronously'
  passenger (2.2.5) lib/phusion_passenger/abstract_server.rb:163:in `start'
  passenger (2.2.5) lib/phusion_passenger/railz/application_spawner.rb:213:in `start'
  passenger (2.2.5) lib/phusion_passenger/spawn_manager.rb:262:in `spawn_rails_application'
  passenger (2.2.5) lib/phusion_passenger/abstract_server_collection.rb:126:in `lookup_or_add'
  passenger (2.2.5) lib/phusion_passenger/spawn_manager.rb:256:in `spawn_rails_application'
  passenger (2.2.5) lib/phusion_passenger/abstract_server_collection.rb:80:in `synchronize'
  passenger (2.2.5) lib/phusion_passenger/abstract_server_collection.rb:79:in `synchronize'
  passenger (2.2.5) lib/phusion_passenger/spawn_manager.rb:255:in `spawn_rails_application'
  passenger (2.2.5) lib/phusion_passenger/spawn_manager.rb:154:in `spawn_application'
  passenger (2.2.5) lib/phusion_passenger/spawn_manager.rb:287:in `handle_spawn_application'
  passenger (2.2.5) lib/phusion_passenger/abstract_server.rb:352:in `__send__'
  passenger (2.2.5) lib/phusion_passenger/abstract_server.rb:352:in `main_loop'
  passenger (2.2.5) lib/phusion_passenger/abstract_server.rb:196:in `start_synchronously'

Rendered rescues/_trace (73.5ms)
Rendered rescues/_request_and_response (1.5ms)
Rendering rescues/layout (internal_server_error)
  [4;36;1mSQL (0.1ms)[0m   [0;1mSET NAMES 'utf8'[0m
  [4;35;1mSQL (0.1ms)[0m   [0mSET SQL_AUTO_IS_NULL=0[0m


Processing MessageController#index (for 124.248.189.108 at 2009-10-02 00:22:00) [GET]
  Parameters: {"body"=>"Cambodia"}

ActionView::MissingTemplate (Missing template message/index.erb in view path app/views):
  passenger (2.2.5) lib/phusion_passenger/rack/request_handler.rb:95:in `process_request'
  passenger (2.2.5) lib/phusion_passenger/abstract_request_handler.rb:207:in `main_loop'
  passenger (2.2.5) lib/phusion_passenger/railz/application_spawner.rb:378:in `start_request_handler'
  passenger (2.2.5) lib/phusion_passenger/railz/application_spawner.rb:336:in `handle_spawn_application'
  passenger (2.2.5) lib/phusion_passenger/utils.rb:183:in `safe_fork'
  passenger (2.2.5) lib/phusion_passenger/railz/application_spawner.rb:334:in `handle_spawn_application'
  passenger (2.2.5) lib/phusion_passenger/abstract_server.rb:352:in `__send__'
  passenger (2.2.5) lib/phusion_passenger/abstract_server.rb:352:in `main_loop'
  passenger (2.2.5) lib/phusion_passenger/abstract_server.rb:196:in `start_synchronously'
  passenger (2.2.5) lib/phusion_passenger/abstract_server.rb:163:in `start'
  passenger (2.2.5) lib/phusion_passenger/railz/application_spawner.rb:213:in `start'
  passenger (2.2.5) lib/phusion_passenger/spawn_manager.rb:262:in `spawn_rails_application'
  passenger (2.2.5) lib/phusion_passenger/abstract_server_collection.rb:126:in `lookup_or_add'
  passenger (2.2.5) lib/phusion_passenger/spawn_manager.rb:256:in `spawn_rails_application'
  passenger (2.2.5) lib/phusion_passenger/abstract_server_collection.rb:80:in `synchronize'
  passenger (2.2.5) lib/phusion_passenger/abstract_server_collection.rb:79:in `synchronize'
  passenger (2.2.5) lib/phusion_passenger/spawn_manager.rb:255:in `spawn_rails_application'
  passenger (2.2.5) lib/phusion_passenger/spawn_manager.rb:154:in `spawn_application'
  passenger (2.2.5) lib/phusion_passenger/spawn_manager.rb:287:in `handle_spawn_application'
  passenger (2.2.5) lib/phusion_passenger/abstract_server.rb:352:in `__send__'
  passenger (2.2.5) lib/phusion_passenger/abstract_server.rb:352:in `main_loop'
  passenger (2.2.5) lib/phusion_passenger/abstract_server.rb:196:in `start_synchronously'

Rendering rescues/layout (internal_server_error)
  [4;36;1mSQL (0.1ms)[0m   [0;1mSET NAMES 'utf8'[0m
  [4;35;1mSQL (0.1ms)[0m   [0mSET SQL_AUTO_IS_NULL=0[0m


Processing MessageController#index (for 124.248.189.108 at 2009-10-02 00:23:36) [GET]
  Parameters: {"body"=>"Cambodia"}
Rendering message/index
Completed in 109ms (View: 106, DB: 0) | 200 OK [http://infomopticon.kinyei.org/message/?body=Cambodia]
  [4;36;1mSQL (0.1ms)[0m   [0;1mSET NAMES 'utf8'[0m
  [4;35;1mSQL (0.1ms)[0m   [0mSET SQL_AUTO_IS_NULL=0[0m


Processing MessageController#index (for 124.248.189.108 at 2009-10-02 00:24:26) [GET]
  Parameters: {"body"=>"W Cambodia"}
Completed in 1538ms (View: 1, DB: 0) | 200 OK [http://infomopticon.kinyei.org/message/?body=W%20Cambodia]
  [4;36;1mSQL (0.1ms)[0m   [0;1mSET NAMES 'utf8'[0m
  [4;35;1mSQL (0.1ms)[0m   [0mSET SQL_AUTO_IS_NULL=0[0m


Processing MessageController#index (for 124.248.189.108 at 2009-10-02 00:32:59) [GET]
  Parameters: {"body"=>"W pants", "from"=>"+85512542019"}
Completed in 304ms (View: 1, DB: 0) | 200 OK [http://infomopticon.kinyei.org/message/?body=W+pants&from=%2B85512542019]
  [4;36;1mSQL (0.1ms)[0m   [0;1mSET NAMES 'utf8'[0m
  [4;35;1mSQL (0.1ms)[0m   [0mSET SQL_AUTO_IS_NULL=0[0m


Processing MessageController#index (for 124.248.189.108 at 2009-10-02 00:34:30) [GET]
  Parameters: {"body"=>"", "from"=>"+85512542019"}
Rendering message/index
Completed in 4ms (View: 1, DB: 0) | 200 OK [http://infomopticon.kinyei.org/message/?body=&from=%2B85512542019]
  [4;36;1mSQL (0.1ms)[0m   [0;1mSET NAMES 'utf8'[0m
  [4;35;1mSQL (0.1ms)[0m   [0mSET SQL_AUTO_IS_NULL=0[0m


Processing MessageController#index (for 124.248.189.108 at 2009-10-02 00:35:35) [GET]
  Parameters: {"body"=>"W Cockroach"}
Completed in 743ms (View: 1, DB: 0) | 200 OK [http://infomopticon.kinyei.org/message/?body=W%20Cockroach]
  [4;36;1mSQL (0.1ms)[0m   [0;1mSET NAMES 'utf8'[0m
  [4;35;1mSQL (0.1ms)[0m   [0mSET SQL_AUTO_IS_NULL=0[0m


Processing MessageController#index (for 124.248.189.108 at 2009-10-02 00:35:40) [GET]
  Parameters: {"body"=>"W cockroach", "from"=>"+85512542019"}
Completed in 722ms (View: 1, DB: 0) | 200 OK [http://infomopticon.kinyei.org/message/?body=W+cockroach&from=%2B85512542019]
  [4;36;1mSQL (0.1ms)[0m   [0;1mSET NAMES 'utf8'[0m
  [4;35;1mSQL (0.1ms)[0m   [0mSET SQL_AUTO_IS_NULL=0[0m


Processing MessageController#index (for 124.248.189.108 at 2009-10-02 00:36:52) [GET]
  Parameters: {"body"=>"", "from"=>"+85512542019"}
Rendering message/index
Completed in 3ms (View: 1, DB: 0) | 200 OK [http://infomopticon.kinyei.org/message/?body=&from=%2B85512542019]
  [4;36;1mSQL (0.1ms)[0m   [0;1mSET NAMES 'utf8'[0m
  [4;35;1mSQL (0.1ms)[0m   [0mSET SQL_AUTO_IS_NULL=0[0m


Processing MessageController#index (for 124.248.189.108 at 2009-10-02 00:37:02) [GET]
  Parameters: {"body"=>"", "from"=>"+85512542019"}
Rendering message/index
Completed in 3ms (View: 1, DB: 0) | 200 OK [http://infomopticon.kinyei.org/message/?body=&from=%2B85512542019]
  [4;36;1mSQL (0.1ms)[0m   [0;1mSET NAMES 'utf8'[0m
  [4;35;1mSQL (0.1ms)[0m   [0mSET SQL_AUTO_IS_NULL=0[0m


Processing MessageController#index (for 124.248.189.108 at 2009-10-02 00:38:29) [GET]
  Parameters: {"body"=>"", "from"=>"+85512542019"}
Rendering message/index
Completed in 6ms (View: 1, DB: 0) | 200 OK [http://infomopticon.kinyei.org/message/?body=&from=%2B85512542019]
  [4;36;1mSQL (0.1ms)[0m   [0;1mSET NAMES 'utf8'[0m
  [4;35;1mSQL (0.1ms)[0m   [0mSET SQL_AUTO_IS_NULL=0[0m


Processing MessageController#index (for 124.248.189.108 at 2009-10-02 00:38:43) [GET]
  Parameters: {"body"=>"", "from"=>"+85512542019"}
Rendering message/index
Completed in 3ms (View: 1, DB: 0) | 200 OK [http://infomopticon.kinyei.org/message/?body=&from=%2B85512542019]
  [4;36;1mSQL (0.1ms)[0m   [0;1mSET NAMES 'utf8'[0m
  [4;35;1mSQL (0.1ms)[0m   [0mSET SQL_AUTO_IS_NULL=0[0m


Processing MessageController#index (for 124.248.189.108 at 2009-10-02 00:40:15) [GET]
  Parameters: {"body"=>"", "from"=>"+85512542019"}
Rendering message/index
Completed in 3ms (View: 1, DB: 0) | 200 OK [http://infomopticon.kinyei.org/message/?body=&from=%2B85512542019]
  [4;36;1mSQL (0.1ms)[0m   [0;1mSET NAMES 'utf8'[0m
  [4;35;1mSQL (0.1ms)[0m   [0mSET SQL_AUTO_IS_NULL=0[0m


Processing MessageController#index (for 124.248.189.108 at 2009-10-02 00:40:25) [GET]
  Parameters: {"body"=>"", "from"=>"+85512542019"}
Rendering message/index
Completed in 3ms (View: 1, DB: 0) | 200 OK [http://infomopticon.kinyei.org/message/?body=&from=%2B85512542019]
  [4;36;1mSQL (0.1ms)[0m   [0;1mSET NAMES 'utf8'[0m
  [4;35;1mSQL (0.1ms)[0m   [0mSET SQL_AUTO_IS_NULL=0[0m


Processing MessageController#index (for 124.248.189.108 at 2009-10-02 00:59:58) [GET]
  Parameters: {"body"=>"coal"}
Rendering message/index
Completed in 11ms (View: 7, DB: 0) | 200 OK [http://infomopticon.kinyei.org/message/?body=coal]
  [4;36;1mSQL (0.1ms)[0m   [0;1mSET NAMES 'utf8'[0m
  [4;35;1mSQL (0.1ms)[0m   [0mSET SQL_AUTO_IS_NULL=0[0m


Processing MessageController#index (for 124.248.189.108 at 2009-10-02 01:00:13) [GET]
  Parameters: {"body"=>"coal"}
Rendering message/index
Completed in 4ms (View: 1, DB: 0) | 200 OK [http://infomopticon.kinyei.org/message/?body=coal]
  [4;36;1mSQL (0.1ms)[0m   [0;1mSET NAMES 'utf8'[0m
  [4;35;1mSQL (0.1ms)[0m   [0mSET SQL_AUTO_IS_NULL=0[0m


Processing MessageController#index (for 124.248.189.108 at 2009-10-02 01:00:23) [GET]
  Parameters: {"body"=>"cockroach"}
Rendering message/index
Completed in 3ms (View: 1, DB: 0) | 200 OK [http://infomopticon.kinyei.org/message/?body=cockroach]
  [4;36;1mSQL (0.1ms)[0m   [0;1mSET NAMES 'utf8'[0m
  [4;35;1mSQL (0.1ms)[0m   [0mSET SQL_AUTO_IS_NULL=0[0m


Processing MessageController#index (for 124.248.189.108 at 2009-10-02 01:03:54) [GET]
  Parameters: {"body"=>"coal"}
Rendering message/index
Completed in 4ms (View: 1, DB: 0) | 200 OK [http://infomopticon.kinyei.org/message/?body=coal]
  [4;36;1mSQL (0.1ms)[0m   [0;1mSET NAMES 'utf8'[0m
  [4;35;1mSQL (0.1ms)[0m   [0mSET SQL_AUTO_IS_NULL=0[0m


Processing MessageController#index (for 124.248.189.108 at 2009-10-02 01:10:56) [GET]
  Parameters: {"body"=>"beerW"}
Rendering message/index
Completed in 3ms (View: 1, DB: 0) | 200 OK [http://infomopticon.kinyei.org/message/?body=beerW]
  [4;36;1mSQL (0.1ms)[0m   [0;1mSET NAMES 'utf8'[0m
  [4;35;1mSQL (0.1ms)[0m   [0mSET SQL_AUTO_IS_NULL=0[0m


Processing MessageController#index (for 124.248.189.108 at 2009-10-02 01:17:30) [GET]
  Parameters: {"body"=>"Wbeer"}
Rendering message/index
Completed in 6ms (View: 1, DB: 0) | 200 OK [http://infomopticon.kinyei.org/message/?body=Wbeer]
  [4;36;1mSQL (0.1ms)[0m   [0;1mSET NAMES 'utf8'[0m
  [4;35;1mSQL (0.1ms)[0m   [0mSET SQL_AUTO_IS_NULL=0[0m


Processing MessageController#index (for 124.248.189.108 at 2009-10-02 01:21:15) [GET]
  Parameters: {"body"=>"W"}
Rendering message/index
Completed in 6ms (View: 1, DB: 0) | 200 OK [http://infomopticon.kinyei.org/message/?body=W]
  [4;36;1mSQL (0.1ms)[0m   [0;1mSET NAMES 'utf8'[0m
  [4;35;1mSQL (0.1ms)[0m   [0mSET SQL_AUTO_IS_NULL=0[0m


Processing MessageController#index (for 124.248.189.108 at 2009-10-02 01:23:36) [GET]
  Parameters: {"body"=>"W beer"}
Completed in 1166ms (View: 1, DB: 0) | 200 OK [http://infomopticon.kinyei.org/message/?body=W%20beer]
  [4;36;1mSQL (0.1ms)[0m   [0;1mSET NAMES 'utf8'[0m
  [4;35;1mSQL (0.1ms)[0m   [0mSET SQL_AUTO_IS_NULL=0[0m


Processing MessageController#index (for 41.206.62.70 at 2009-10-02 15:54:44) [GET]
  Parameters: {"body"=>"${keyword} ${message_content}\""}
Rendering message/index
Completed in 50ms (View: 47, DB: 0) | 200 OK [http://infomopticon.kinyei.org/message/?body=${keyword}%20${message_content}%22]
  [4;36;1mSQL (0.1ms)[0m   [0;1mSET NAMES 'utf8'[0m
  [4;35;1mSQL (0.1ms)[0m   [0mSET SQL_AUTO_IS_NULL=0[0m


Processing MessageController#index (for 41.206.62.70 at 2009-10-02 15:54:51) [GET]
  Parameters: {"body"=>"${keyword} ${message_content}"}
Rendering message/index
Completed in 3ms (View: 1, DB: 0) | 200 OK [http://infomopticon.kinyei.org/message/?body=${keyword}%20${message_content}]
  [4;36;1mSQL (0.1ms)[0m   [0;1mSET NAMES 'utf8'[0m
  [4;35;1mSQL (0.1ms)[0m   [0mSET SQL_AUTO_IS_NULL=0[0m


Processing MessageController#index (for 41.206.62.70 at 2009-10-02 15:56:36) [GET]

NoMethodError (You have a nil object when you didn't expect it!
The error occurred while evaluating nil.gsub):
  /usr/lib/ruby/1.8/cgi.rb:370:in `unescapeHTML'
  app/controllers/message_controller.rb:10:in `index'
  passenger (2.2.5) lib/phusion_passenger/rack/request_handler.rb:95:in `process_request'
  passenger (2.2.5) lib/phusion_passenger/abstract_request_handler.rb:207:in `main_loop'
  passenger (2.2.5) lib/phusion_passenger/railz/application_spawner.rb:378:in `start_request_handler'
  passenger (2.2.5) lib/phusion_passenger/railz/application_spawner.rb:336:in `handle_spawn_application'
  passenger (2.2.5) lib/phusion_passenger/utils.rb:183:in `safe_fork'
  passenger (2.2.5) lib/phusion_passenger/railz/application_spawner.rb:334:in `handle_spawn_application'
  passenger (2.2.5) lib/phusion_passenger/abstract_server.rb:352:in `__send__'
  passenger (2.2.5) lib/phusion_passenger/abstract_server.rb:352:in `main_loop'
  passenger (2.2.5) lib/phusion_passenger/abstract_server.rb:196:in `start_synchronously'
  passenger (2.2.5) lib/phusion_passenger/abstract_server.rb:163:in `start'
  passenger (2.2.5) lib/phusion_passenger/railz/application_spawner.rb:213:in `start'
  passenger (2.2.5) lib/phusion_passenger/spawn_manager.rb:262:in `spawn_rails_application'
  passenger (2.2.5) lib/phusion_passenger/abstract_server_collection.rb:126:in `lookup_or_add'
  passenger (2.2.5) lib/phusion_passenger/spawn_manager.rb:256:in `spawn_rails_application'
  passenger (2.2.5) lib/phusion_passenger/abstract_server_collection.rb:80:in `synchronize'
  passenger (2.2.5) lib/phusion_passenger/abstract_server_collection.rb:79:in `synchronize'
  passenger (2.2.5) lib/phusion_passenger/spawn_manager.rb:255:in `spawn_rails_application'
  passenger (2.2.5) lib/phusion_passenger/spawn_manager.rb:154:in `spawn_application'
  passenger (2.2.5) lib/phusion_passenger/spawn_manager.rb:287:in `handle_spawn_application'
  passenger (2.2.5) lib/phusion_passenger/abstract_server.rb:352:in `__send__'
  passenger (2.2.5) lib/phusion_passenger/abstract_server.rb:352:in `main_loop'
  passenger (2.2.5) lib/phusion_passenger/abstract_server.rb:196:in `start_synchronously'

Rendered rescues/_trace (51.2ms)
Rendered rescues/_request_and_response (1.7ms)
Rendering rescues/layout (internal_server_error)
  [4;36;1mSQL (0.1ms)[0m   [0;1mSET NAMES 'utf8'[0m
  [4;35;1mSQL (0.1ms)[0m   [0mSET SQL_AUTO_IS_NULL=0[0m


Processing MessageController#index (for 110.74.223.15 at 2009-10-03 10:24:07) [GET]
  Parameters: {"body"=>"W cambodia"}
Completed in 1500ms (View: 28, DB: 0) | 200 OK [http://infomopticon.kinyei.org/message/?body=W%20cambodia]
  [4;36;1mSQL (0.1ms)[0m   [0;1mSET NAMES 'utf8'[0m
  [4;35;1mSQL (0.1ms)[0m   [0mSET SQL_AUTO_IS_NULL=0[0m


Processing MessageController#index (for 110.74.223.15 at 2009-10-03 10:44:41) [GET]
  Parameters: {"body"=>"W Cambodia"}
Completed in 1327ms (View: 3, DB: 0) | 200 OK [http://infomopticon.kinyei.org/message/?body=W%20Cambodia]
  [4;36;1mSQL (0.1ms)[0m   [0;1mSET NAMES 'utf8'[0m
  [4;35;1mSQL (0.1ms)[0m   [0mSET SQL_AUTO_IS_NULL=0[0m


Processing MessageController#index (for 110.74.223.15 at 2009-10-04 12:25:51) [GET]
  Parameters: {"body"=>"W kendo"}
Completed in 775ms (View: 3, DB: 0) | 200 OK [http://infomopticon.kinyei.org/message/?body=W%20kendo]
  [4;36;1mSQL (0.1ms)[0m   [0;1mSET NAMES 'utf8'[0m
  [4;35;1mSQL (0.1ms)[0m   [0mSET SQL_AUTO_IS_NULL=0[0m


Processing MessageController#index (for 110.74.223.15 at 2009-10-04 12:26:41) [GET]
  Parameters: {"body"=>"W derby"}
Completed in 936ms (View: 1, DB: 0) | 200 OK [http://infomopticon.kinyei.org/message/?body=W%20derby]
  [4;36;1mSQL (0.1ms)[0m   [0;1mSET NAMES 'utf8'[0m
  [4;35;1mSQL (0.1ms)[0m   [0mSET SQL_AUTO_IS_NULL=0[0m


Processing MessageController#index (for 110.74.223.15 at 2009-10-04 12:27:25) [GET]
  Parameters: {"body"=>"W barcamp"}
Completed in 243ms (View: 1, DB: 0) | 200 OK [http://infomopticon.kinyei.org/message/?body=W%20barcamp]
  [4;36;1mSQL (0.1ms)[0m   [0;1mSET NAMES 'utf8'[0m
  [4;35;1mSQL (0.1ms)[0m   [0mSET SQL_AUTO_IS_NULL=0[0m


Processing MessageController#index (for 110.74.223.15 at 2009-10-04 12:27:34) [GET]
  Parameters: {"body"=>"W barcamp"}
Completed in 322ms (View: 1, DB: 0) | 200 OK [http://infomopticon.kinyei.org/message/?body=W%20barcamp]
  [4;36;1mSQL (0.1ms)[0m   [0;1mSET NAMES 'utf8'[0m
  [4;35;1mSQL (0.1ms)[0m   [0mSET SQL_AUTO_IS_NULL=0[0m


Processing MessageController#index (for 110.74.223.15 at 2009-10-04 12:30:43) [GET]
  Parameters: {"body"=>"W sopheap barcamp"}
Completed in 276ms (View: 1, DB: 0) | 200 OK [http://infomopticon.kinyei.org/message/?body=W%20sopheap+barcamp]
  [4;36;1mSQL (0.1ms)[0m   [0;1mSET NAMES 'utf8'[0m
  [4;35;1mSQL (0.1ms)[0m   [0mSET SQL_AUTO_IS_NULL=0[0m


Processing MessageController#index (for 119.82.248.67 at 2009-10-04 13:10:48) [GET]
  Parameters: {"body"=>"W malaria"}
Completed in 1210ms (View: 3, DB: 0) | 200 OK [http://infomopticon.kinyei.org/message/?body=W%20malaria]
  [4;36;1mSQL (0.1ms)[0m   [0;1mSET NAMES 'utf8'[0m
  [4;35;1mSQL (0.1ms)[0m   [0mSET SQL_AUTO_IS_NULL=0[0m


Processing Rails::InfoController#properties (for 119.82.248.67 at 2009-10-04 13:13:55) [GET]
  [4;36;1mSQL (79.6ms)[0m   [0;1mSHOW TABLES[0m
  [4;35;1mSQL (0.1ms)[0m   [0mSELECT version FROM schema_migrations[0m
Completed in 538ms (View: 133, DB: 80) | 200 OK [http://infomopticon.kinyei.org/rails/info/properties]
  [4;36;1mSQL (0.1ms)[0m   [0;1mSET NAMES 'utf8'[0m
  [4;35;1mSQL (0.1ms)[0m   [0mSET SQL_AUTO_IS_NULL=0[0m


Processing ApplicationController#index (for 119.82.248.67 at 2009-10-04 13:17:33) [GET]

ActionController::RoutingError (No route matches "/messsage" with {:method=>:get}):
  passenger (2.2.5) lib/phusion_passenger/rack/request_handler.rb:95:in `process_request'
  passenger (2.2.5) lib/phusion_passenger/abstract_request_handler.rb:207:in `main_loop'
  passenger (2.2.5) lib/phusion_passenger/railz/application_spawner.rb:378:in `start_request_handler'
  passenger (2.2.5) lib/phusion_passenger/railz/application_spawner.rb:336:in `handle_spawn_application'
  passenger (2.2.5) lib/phusion_passenger/utils.rb:183:in `safe_fork'
  passenger (2.2.5) lib/phusion_passenger/railz/application_spawner.rb:334:in `handle_spawn_application'
  passenger (2.2.5) lib/phusion_passenger/abstract_server.rb:352:in `__send__'
  passenger (2.2.5) lib/phusion_passenger/abstract_server.rb:352:in `main_loop'
  passenger (2.2.5) lib/phusion_passenger/abstract_server.rb:196:in `start_synchronously'
  passenger (2.2.5) lib/phusion_passenger/abstract_server.rb:163:in `start'
  passenger (2.2.5) lib/phusion_passenger/railz/application_spawner.rb:213:in `start'
  passenger (2.2.5) lib/phusion_passenger/spawn_manager.rb:262:in `spawn_rails_application'
  passenger (2.2.5) lib/phusion_passenger/abstract_server_collection.rb:126:in `lookup_or_add'
  passenger (2.2.5) lib/phusion_passenger/spawn_manager.rb:256:in `spawn_rails_application'
  passenger (2.2.5) lib/phusion_passenger/abstract_server_collection.rb:80:in `synchronize'
  passenger (2.2.5) lib/phusion_passenger/abstract_server_collection.rb:79:in `synchronize'
  passenger (2.2.5) lib/phusion_passenger/spawn_manager.rb:255:in `spawn_rails_application'
  passenger (2.2.5) lib/phusion_passenger/spawn_manager.rb:154:in `spawn_application'
  passenger (2.2.5) lib/phusion_passenger/spawn_manager.rb:287:in `handle_spawn_application'
  passenger (2.2.5) lib/phusion_passenger/abstract_server.rb:352:in `__send__'
  passenger (2.2.5) lib/phusion_passenger/abstract_server.rb:352:in `main_loop'
  passenger (2.2.5) lib/phusion_passenger/abstract_server.rb:196:in `start_synchronously'

Rendering rescues/layout (not_found)
  [4;36;1mSQL (0.1ms)[0m   [0;1mSET NAMES 'utf8'[0m
  [4;35;1mSQL (0.1ms)[0m   [0mSET SQL_AUTO_IS_NULL=0[0m


Processing ApplicationController#index (for 119.82.248.67 at 2009-10-04 13:17:41) [GET]

ActionController::RoutingError (No route matches "/messsage/" with {:method=>:get}):
  passenger (2.2.5) lib/phusion_passenger/rack/request_handler.rb:95:in `process_request'
  passenger (2.2.5) lib/phusion_passenger/abstract_request_handler.rb:207:in `main_loop'
  passenger (2.2.5) lib/phusion_passenger/railz/application_spawner.rb:378:in `start_request_handler'
  passenger (2.2.5) lib/phusion_passenger/railz/application_spawner.rb:336:in `handle_spawn_application'
  passenger (2.2.5) lib/phusion_passenger/utils.rb:183:in `safe_fork'
  passenger (2.2.5) lib/phusion_passenger/railz/application_spawner.rb:334:in `handle_spawn_application'
  passenger (2.2.5) lib/phusion_passenger/abstract_server.rb:352:in `__send__'
  passenger (2.2.5) lib/phusion_passenger/abstract_server.rb:352:in `main_loop'
  passenger (2.2.5) lib/phusion_passenger/abstract_server.rb:196:in `start_synchronously'
  passenger (2.2.5) lib/phusion_passenger/abstract_server.rb:163:in `start'
  passenger (2.2.5) lib/phusion_passenger/railz/application_spawner.rb:213:in `start'
  passenger (2.2.5) lib/phusion_passenger/spawn_manager.rb:262:in `spawn_rails_application'
  passenger (2.2.5) lib/phusion_passenger/abstract_server_collection.rb:126:in `lookup_or_add'
  passenger (2.2.5) lib/phusion_passenger/spawn_manager.rb:256:in `spawn_rails_application'
  passenger (2.2.5) lib/phusion_passenger/abstract_server_collection.rb:80:in `synchronize'
  passenger (2.2.5) lib/phusion_passenger/abstract_server_collection.rb:79:in `synchronize'
  passenger (2.2.5) lib/phusion_passenger/spawn_manager.rb:255:in `spawn_rails_application'
  passenger (2.2.5) lib/phusion_passenger/spawn_manager.rb:154:in `spawn_application'
  passenger (2.2.5) lib/phusion_passenger/spawn_manager.rb:287:in `handle_spawn_application'
  passenger (2.2.5) lib/phusion_passenger/abstract_server.rb:352:in `__send__'
  passenger (2.2.5) lib/phusion_passenger/abstract_server.rb:352:in `main_loop'
  passenger (2.2.5) lib/phusion_passenger/abstract_server.rb:196:in `start_synchronously'

Rendering rescues/layout (not_found)
  [4;36;1mSQL (0.1ms)[0m   [0;1mSET NAMES 'utf8'[0m
  [4;35;1mSQL (0.1ms)[0m   [0mSET SQL_AUTO_IS_NULL=0[0m


Processing MessageController#index (for 119.82.248.67 at 2009-10-04 13:17:57) [GET]
  Parameters: {"body"=>"${keyword} ${message_content}"}
Rendering message/index
Completed in 8ms (View: 5, DB: 0) | 200 OK [http://infomopticon.kinyei.org/message/?body=${keyword}%20${message_content}]
  [4;36;1mSQL (0.1ms)[0m   [0;1mSET NAMES 'utf8'[0m
  [4;35;1mSQL (0.1ms)[0m   [0mSET SQL_AUTO_IS_NULL=0[0m


Processing MessageController#index (for 119.82.248.67 at 2009-10-04 13:18:12) [GET]
  Parameters: {"body"=>"$malaria ${message_content}"}
Rendering message/index
Completed in 3ms (View: 1, DB: 0) | 200 OK [http://infomopticon.kinyei.org/message/?body=$malaria%20${message_content}]
  [4;36;1mSQL (0.1ms)[0m   [0;1mSET NAMES 'utf8'[0m
  [4;35;1mSQL (0.1ms)[0m   [0mSET SQL_AUTO_IS_NULL=0[0m


Processing MessageController#index (for 119.82.248.67 at 2009-10-04 13:18:49) [GET]
  Parameters: {"body"=>"malaria malria"}
Rendering message/index
Completed in 3ms (View: 1, DB: 0) | 200 OK [http://infomopticon.kinyei.org/message/?body=malaria%20malria]
  [4;36;1mSQL (0.1ms)[0m   [0;1mSET NAMES 'utf8'[0m
  [4;35;1mSQL (0.1ms)[0m   [0mSET SQL_AUTO_IS_NULL=0[0m


Processing MessageController#index (for 119.82.248.67 at 2009-10-04 13:19:10) [GET]
  Parameters: {"body"=>"malaria"}
Rendering message/index
Completed in 3ms (View: 1, DB: 0) | 200 OK [http://infomopticon.kinyei.org/message/?body=malaria]
  [4;36;1mSQL (0.1ms)[0m   [0;1mSET NAMES 'utf8'[0m
  [4;35;1mSQL (0.1ms)[0m   [0mSET SQL_AUTO_IS_NULL=0[0m


Processing MessageController#body=malaria (for 119.82.248.67 at 2009-10-04 13:19:18) [GET]

ActionController::UnknownAction (No action responded to body=malaria. Actions: index):
  passenger (2.2.5) lib/phusion_passenger/rack/request_handler.rb:95:in `process_request'
  passenger (2.2.5) lib/phusion_passenger/abstract_request_handler.rb:207:in `main_loop'
  passenger (2.2.5) lib/phusion_passenger/railz/application_spawner.rb:378:in `start_request_handler'
  passenger (2.2.5) lib/phusion_passenger/railz/application_spawner.rb:336:in `handle_spawn_application'
  passenger (2.2.5) lib/phusion_passenger/utils.rb:183:in `safe_fork'
  passenger (2.2.5) lib/phusion_passenger/railz/application_spawner.rb:334:in `handle_spawn_application'
  passenger (2.2.5) lib/phusion_passenger/abstract_server.rb:352:in `__send__'
  passenger (2.2.5) lib/phusion_passenger/abstract_server.rb:352:in `main_loop'
  passenger (2.2.5) lib/phusion_passenger/abstract_server.rb:196:in `start_synchronously'
  passenger (2.2.5) lib/phusion_passenger/abstract_server.rb:163:in `start'
  passenger (2.2.5) lib/phusion_passenger/railz/application_spawner.rb:213:in `start'
  passenger (2.2.5) lib/phusion_passenger/spawn_manager.rb:262:in `spawn_rails_application'
  passenger (2.2.5) lib/phusion_passenger/abstract_server_collection.rb:126:in `lookup_or_add'
  passenger (2.2.5) lib/phusion_passenger/spawn_manager.rb:256:in `spawn_rails_application'
  passenger (2.2.5) lib/phusion_passenger/abstract_server_collection.rb:80:in `synchronize'
  passenger (2.2.5) lib/phusion_passenger/abstract_server_collection.rb:79:in `synchronize'
  passenger (2.2.5) lib/phusion_passenger/spawn_manager.rb:255:in `spawn_rails_application'
  passenger (2.2.5) lib/phusion_passenger/spawn_manager.rb:154:in `spawn_application'
  passenger (2.2.5) lib/phusion_passenger/spawn_manager.rb:287:in `handle_spawn_application'
  passenger (2.2.5) lib/phusion_passenger/abstract_server.rb:352:in `__send__'
  passenger (2.2.5) lib/phusion_passenger/abstract_server.rb:352:in `main_loop'
  passenger (2.2.5) lib/phusion_passenger/abstract_server.rb:196:in `start_synchronously'

Rendering rescues/layout (not_found)
  [4;36;1mSQL (0.1ms)[0m   [0;1mSET NAMES 'utf8'[0m
  [4;35;1mSQL (0.1ms)[0m   [0mSET SQL_AUTO_IS_NULL=0[0m


Processing MessageController#index (for 119.82.248.67 at 2009-10-04 13:19:34) [GET]
  Parameters: {"body"=>"'malaria'"}
Rendering message/index
Completed in 3ms (View: 1, DB: 0) | 200 OK [http://infomopticon.kinyei.org/message/?body=%27malaria%27]
  [4;36;1mSQL (0.1ms)[0m   [0;1mSET NAMES 'utf8'[0m
  [4;35;1mSQL (0.1ms)[0m   [0mSET SQL_AUTO_IS_NULL=0[0m


Processing MessageController#index (for 119.82.248.67 at 2009-10-04 14:50:10) [GET]
  Parameters: {"body"=>"W kendo"}
Completed in 858ms (View: 4, DB: 0) | 200 OK [http://infomopticon.kinyei.org/message/?body=W%20kendo]
  [4;36;1mSQL (0.1ms)[0m   [0;1mSET NAMES 'utf8'[0m
  [4;35;1mSQL (0.1ms)[0m   [0mSET SQL_AUTO_IS_NULL=0[0m


Processing MessageController#index (for 119.82.248.67 at 2009-10-04 15:01:32) [GET]
  Parameters: {"body"=>"W norwich"}
Completed in 1051ms (View: 4, DB: 0) | 200 OK [http://infomopticon.kinyei.org/message/?body=W%20norwich]
  [4;36;1mSQL (0.1ms)[0m   [0;1mSET NAMES 'utf8'[0m
  [4;35;1mSQL (0.1ms)[0m   [0mSET SQL_AUTO_IS_NULL=0[0m


Processing MessageController#index (for 119.82.248.67 at 2009-10-04 15:19:11) [GET]
  Parameters: {"body"=>"W Media"}
Completed in 405ms (View: 4, DB: 0) | 200 OK [http://infomopticon.kinyei.org/message/?body=W%20Media]
  [4;36;1mSQL (0.1ms)[0m   [0;1mSET NAMES 'utf8'[0m
  [4;35;1mSQL (0.1ms)[0m   [0mSET SQL_AUTO_IS_NULL=0[0m


Processing MessageController#index (for 119.82.248.67 at 2009-10-04 15:40:44) [GET]
  Parameters: {"body"=>"W vagina"}
Completed in 754ms (View: 3, DB: 0) | 200 OK [http://infomopticon.kinyei.org/message/?body=W%20vagina]
  [4;36;1mSQL (0.1ms)[0m   [0;1mSET NAMES 'utf8'[0m
  [4;35;1mSQL (0.1ms)[0m   [0mSET SQL_AUTO_IS_NULL=0[0m


Processing MessageController#index (for 119.82.248.67 at 2009-10-04 15:43:25) [GET]
  Parameters: {"body"=>"W ladyboy"}
Completed in 228ms (View: 1, DB: 0) | 200 OK [http://infomopticon.kinyei.org/message/?body=W%20ladyboy]
  [4;36;1mSQL (0.1ms)[0m   [0;1mSET NAMES 'utf8'[0m
  [4;35;1mSQL (0.1ms)[0m   [0mSET SQL_AUTO_IS_NULL=0[0m


Processing MessageController#index (for 119.82.248.67 at 2009-10-04 16:04:58) [GET]
  Parameters: {"body"=>"W brian clough"}
Completed in 334ms (View: 3, DB: 0) | 200 OK [http://infomopticon.kinyei.org/message/?body=W%20brian+clough]
  [4;36;1mSQL (0.1ms)[0m   [0;1mSET NAMES 'utf8'[0m
  [4;35;1mSQL (0.1ms)[0m   [0mSET SQL_AUTO_IS_NULL=0[0m


Processing MessageController#index (for 119.82.248.67 at 2009-10-04 16:06:27) [GET]
  Parameters: {"body"=>"W clough"}
Completed in 292ms (View: 1, DB: 0) | 200 OK [http://infomopticon.kinyei.org/message/?body=W%20clough]
  [4;36;1mSQL (0.1ms)[0m   [0;1mSET NAMES 'utf8'[0m
  [4;35;1mSQL (0.1ms)[0m   [0mSET SQL_AUTO_IS_NULL=0[0m


Processing MessageController#index (for 119.82.248.67 at 2009-10-04 17:47:50) [GET]
  Parameters: {"body"=>"W malarone"}
Completed in 259ms (View: 36, DB: 0) | 200 OK [http://infomopticon.kinyei.org/message/?body=W%20malarone]
  [4;36;1mSQL (0.1ms)[0m   [0;1mSET NAMES 'utf8'[0m
  [4;35;1mSQL (0.1ms)[0m   [0mSET SQL_AUTO_IS_NULL=0[0m


Processing MessageController#index (for 119.82.248.67 at 2009-10-04 18:15:49) [GET]
  Parameters: {"body"=>"W kendo"}
Completed in 922ms (View: 3, DB: 0) | 200 OK [http://infomopticon.kinyei.org/message/?body=W%20kendo]
  [4;36;1mSQL (0.1ms)[0m   [0;1mSET NAMES 'utf8'[0m
  [4;35;1mSQL (0.1ms)[0m   [0mSET SQL_AUTO_IS_NULL=0[0m


Processing MessageController#index (for 119.82.248.67 at 2009-10-04 18:21:41) [GET]
  Parameters: {"body"=>"W huxley"}
Completed in 272ms (View: 1, DB: 0) | 200 OK [http://infomopticon.kinyei.org/message/?body=W%20huxley]
  [4;36;1mSQL (0.1ms)[0m   [0;1mSET NAMES 'utf8'[0m
  [4;35;1mSQL (0.1ms)[0m   [0mSET SQL_AUTO_IS_NULL=0[0m


Processing MessageController#index (for 119.82.248.67 at 2009-10-04 18:24:23) [GET]
  Parameters: {"body"=>"W bitter"}
Completed in 278ms (View: 1, DB: 0) | 200 OK [http://infomopticon.kinyei.org/message/?body=W%20bitter]
  [4;36;1mSQL (0.2ms)[0m   [0;1mSET NAMES 'utf8'[0m
  [4;35;1mSQL (0.1ms)[0m   [0mSET SQL_AUTO_IS_NULL=0[0m


Processing MessageController#index (for 119.82.248.67 at 2009-10-04 18:27:31) [GET]
  Parameters: {"body"=>"W katoey"}
Completed in 260ms (View: 1, DB: 0) | 200 OK [http://infomopticon.kinyei.org/message/?body=W%20katoey]
  [4;36;1mSQL (0.1ms)[0m   [0;1mSET NAMES 'utf8'[0m
  [4;35;1mSQL (0.1ms)[0m   [0mSET SQL_AUTO_IS_NULL=0[0m


Processing MessageController#index (for 119.82.248.67 at 2009-10-04 18:29:00) [GET]
  Parameters: {"body"=>"W vagina"}
Completed in 744ms (View: 1, DB: 0) | 200 OK [http://infomopticon.kinyei.org/message/?body=W%20vagina]
  [4;36;1mSQL (0.1ms)[0m   [0;1mSET NAMES 'utf8'[0m
  [4;35;1mSQL (0.1ms)[0m   [0mSET SQL_AUTO_IS_NULL=0[0m


Processing MessageController#index (for 119.82.248.67 at 2009-10-04 20:33:05) [GET]
  Parameters: {"body"=>"W vagina"}
Completed in 757ms (View: 3, DB: 0) | 200 OK [http://infomopticon.kinyei.org/message/?body=W%20vagina]
  [4;36;1mSQL (0.1ms)[0m   [0;1mSET NAMES 'utf8'[0m
  [4;35;1mSQL (0.1ms)[0m   [0mSET SQL_AUTO_IS_NULL=0[0m


Processing MessageController#index (for 119.82.248.67 at 2009-10-04 20:35:55) [GET]
  Parameters: {"body"=>"W shanghai"}
Completed in 1699ms (View: 1, DB: 0) | 200 OK [http://infomopticon.kinyei.org/message/?body=W%20shanghai]
  [4;36;1mSQL (0.1ms)[0m   [0;1mSET NAMES 'utf8'[0m
  [4;35;1mSQL (0.1ms)[0m   [0mSET SQL_AUTO_IS_NULL=0[0m


Processing MessageController#index (for 119.82.248.67 at 2009-10-04 20:38:36) [GET]
  Parameters: {"body"=>"W everton"}
Completed in 396ms (View: 1, DB: 0) | 200 OK [http://infomopticon.kinyei.org/message/?body=W%20everton]
  [4;36;1mSQL (0.1ms)[0m   [0;1mSET NAMES 'utf8'[0m
  [4;35;1mSQL (0.1ms)[0m   [0mSET SQL_AUTO_IS_NULL=0[0m


Processing MessageController#index (for 119.82.248.67 at 2009-10-04 20:43:08) [GET]
  Parameters: {"body"=>"W sex"}
Completed in 674ms (View: 1, DB: 0) | 200 OK [http://infomopticon.kinyei.org/message/?body=W%20sex]
  [4;36;1mSQL (0.1ms)[0m   [0;1mSET NAMES 'utf8'[0m
  [4;35;1mSQL (0.1ms)[0m   [0mSET SQL_AUTO_IS_NULL=0[0m


Processing MessageController#index (for 119.82.248.67 at 2009-10-04 20:45:55) [GET]
  Parameters: {"body"=>"W australia"}
Completed in 1420ms (View: 1, DB: 0) | 200 OK [http://infomopticon.kinyei.org/message/?body=W%20australia]
  [4;36;1mSQL (0.1ms)[0m   [0;1mSET NAMES 'utf8'[0m
  [4;35;1mSQL (0.1ms)[0m   [0mSET SQL_AUTO_IS_NULL=0[0m


Processing MessageController#index (for 119.82.248.67 at 2009-10-04 20:47:25) [GET]
  Parameters: {"body"=>"W football"}
Completed in 882ms (View: 1, DB: 0) | 200 OK [http://infomopticon.kinyei.org/message/?body=W%20football]
  [4;36;1mSQL (0.1ms)[0m   [0;1mSET NAMES 'utf8'[0m
  [4;35;1mSQL (0.1ms)[0m   [0mSET SQL_AUTO_IS_NULL=0[0m


Processing MessageController#index (for 119.82.248.67 at 2009-10-04 20:47:35) [GET]
  Parameters: {"body"=>"W noosa"}
Completed in 261ms (View: 1, DB: 0) | 200 OK [http://infomopticon.kinyei.org/message/?body=W%20noosa]
  [4;36;1mSQL (0.1ms)[0m   [0;1mSET NAMES 'utf8'[0m
  [4;35;1mSQL (0.1ms)[0m   [0mSET SQL_AUTO_IS_NULL=0[0m


Processing MessageController#index (for 119.82.248.67 at 2009-10-04 20:54:46) [GET]
  Parameters: {"body"=>"W noosaheads"}
Completed in 305ms (View: 3, DB: 0) | 200 OK [http://infomopticon.kinyei.org/message/?body=W%20noosaheads]
  [4;36;1mSQL (0.1ms)[0m   [0;1mSET NAMES 'utf8'[0m
  [4;35;1mSQL (0.1ms)[0m   [0mSET SQL_AUTO_IS_NULL=0[0m


Processing MessageController#index (for 66.93.80.194 at 2009-10-06 01:21:05) [GET]
  Parameters: {"body"=>"${keyword}.com"}
Rendering message/index
Completed in 43ms (View: 40, DB: 0) | 200 OK [http://infomopticon.kinyei.org/message/?body=${keyword}.com]
  [4;36;1mSQL (0.1ms)[0m   [0;1mSET NAMES 'utf8'[0m
  [4;35;1mSQL (0.1ms)[0m   [0mSET SQL_AUTO_IS_NULL=0[0m


Processing MessageController#index (for 66.93.80.194 at 2009-10-06 01:21:20) [GET]
  Parameters: {"body"=>"${keyword} ${message_content}"}
Rendering message/index
Completed in 3ms (View: 1, DB: 0) | 200 OK [http://infomopticon.kinyei.org/message/?body=${keyword}%20${message_content}]
  [4;36;1mSQL (0.1ms)[0m   [0;1mSET NAMES 'utf8'[0m
  [4;35;1mSQL (0.1ms)[0m   [0mSET SQL_AUTO_IS_NULL=0[0m


Processing Rails::InfoController#properties (for 85.127.20.28 at 2009-10-10 04:06:52) [GET]
  [4;36;1mSQL (19.1ms)[0m   [0;1mSHOW TABLES[0m
  [4;35;1mSQL (0.1ms)[0m   [0mSELECT version FROM schema_migrations[0m
Completed in 159ms (View: 4, DB: 19) | 200 OK [http://infomopticon.kinyei.org/rails/info/properties]
  [4;36;1mSQL (0.1ms)[0m   [0;1mSET NAMES 'utf8'[0m
  [4;35;1mSQL (0.1ms)[0m   [0mSET SQL_AUTO_IS_NULL=0[0m


Processing MessageController#index (for 85.127.20.28 at 2009-10-10 04:06:53) [GET]

NoMethodError (You have a nil object when you didn't expect it!
The error occurred while evaluating nil.gsub):
  /usr/lib/ruby/1.8/cgi.rb:370:in `unescapeHTML'
  app/controllers/message_controller.rb:10:in `index'
  passenger (2.2.5) lib/phusion_passenger/rack/request_handler.rb:95:in `process_request'
  passenger (2.2.5) lib/phusion_passenger/abstract_request_handler.rb:207:in `main_loop'
  passenger (2.2.5) lib/phusion_passenger/railz/application_spawner.rb:378:in `start_request_handler'
  passenger (2.2.5) lib/phusion_passenger/railz/application_spawner.rb:336:in `handle_spawn_application'
  passenger (2.2.5) lib/phusion_passenger/utils.rb:183:in `safe_fork'
  passenger (2.2.5) lib/phusion_passenger/railz/application_spawner.rb:334:in `handle_spawn_application'
  passenger (2.2.5) lib/phusion_passenger/abstract_server.rb:352:in `__send__'
  passenger (2.2.5) lib/phusion_passenger/abstract_server.rb:352:in `main_loop'
  passenger (2.2.5) lib/phusion_passenger/abstract_server.rb:196:in `start_synchronously'
  passenger (2.2.5) lib/phusion_passenger/abstract_server.rb:163:in `start'
  passenger (2.2.5) lib/phusion_passenger/railz/application_spawner.rb:213:in `start'
  passenger (2.2.5) lib/phusion_passenger/spawn_manager.rb:262:in `spawn_rails_application'
  passenger (2.2.5) lib/phusion_passenger/abstract_server_collection.rb:126:in `lookup_or_add'
  passenger (2.2.5) lib/phusion_passenger/spawn_manager.rb:256:in `spawn_rails_application'
  passenger (2.2.5) lib/phusion_passenger/abstract_server_collection.rb:80:in `synchronize'
  passenger (2.2.5) lib/phusion_passenger/abstract_server_collection.rb:79:in `synchronize'
  passenger (2.2.5) lib/phusion_passenger/spawn_manager.rb:255:in `spawn_rails_application'
  passenger (2.2.5) lib/phusion_passenger/spawn_manager.rb:154:in `spawn_application'
  passenger (2.2.5) lib/phusion_passenger/spawn_manager.rb:287:in `handle_spawn_application'
  passenger (2.2.5) lib/phusion_passenger/abstract_server.rb:352:in `__send__'
  passenger (2.2.5) lib/phusion_passenger/abstract_server.rb:352:in `main_loop'
  passenger (2.2.5) lib/phusion_passenger/abstract_server.rb:196:in `start_synchronously'

Rendered rescues/_trace (43.9ms)
Rendered rescues/_request_and_response (14.2ms)
Rendering rescues/layout (internal_server_error)
  [4;36;1mSQL (0.1ms)[0m   [0;1mSET NAMES 'utf8'[0m
  [4;35;1mSQL (0.1ms)[0m   [0mSET SQL_AUTO_IS_NULL=0[0m


Processing ApplicationController#index (for 85.127.20.28 at 2009-10-10 04:06:57) [GET]

ActionController::RoutingError (No route matches "/messages" with {:method=>:get}):
  passenger (2.2.5) lib/phusion_passenger/rack/request_handler.rb:95:in `process_request'
  passenger (2.2.5) lib/phusion_passenger/abstract_request_handler.rb:207:in `main_loop'
  passenger (2.2.5) lib/phusion_passenger/railz/application_spawner.rb:378:in `start_request_handler'
  passenger (2.2.5) lib/phusion_passenger/railz/application_spawner.rb:336:in `handle_spawn_application'
  passenger (2.2.5) lib/phusion_passenger/utils.rb:183:in `safe_fork'
  passenger (2.2.5) lib/phusion_passenger/railz/application_spawner.rb:334:in `handle_spawn_application'
  passenger (2.2.5) lib/phusion_passenger/abstract_server.rb:352:in `__send__'
  passenger (2.2.5) lib/phusion_passenger/abstract_server.rb:352:in `main_loop'
  passenger (2.2.5) lib/phusion_passenger/abstract_server.rb:196:in `start_synchronously'
  passenger (2.2.5) lib/phusion_passenger/abstract_server.rb:163:in `start'
  passenger (2.2.5) lib/phusion_passenger/railz/application_spawner.rb:213:in `start'
  passenger (2.2.5) lib/phusion_passenger/spawn_manager.rb:262:in `spawn_rails_application'
  passenger (2.2.5) lib/phusion_passenger/abstract_server_collection.rb:126:in `lookup_or_add'
  passenger (2.2.5) lib/phusion_passenger/spawn_manager.rb:256:in `spawn_rails_application'
  passenger (2.2.5) lib/phusion_passenger/abstract_server_collection.rb:80:in `synchronize'
  passenger (2.2.5) lib/phusion_passenger/abstract_server_collection.rb:79:in `synchronize'
  passenger (2.2.5) lib/phusion_passenger/spawn_manager.rb:255:in `spawn_rails_application'
  passenger (2.2.5) lib/phusion_passenger/spawn_manager.rb:154:in `spawn_application'
  passenger (2.2.5) lib/phusion_passenger/spawn_manager.rb:287:in `handle_spawn_application'
  passenger (2.2.5) lib/phusion_passenger/abstract_server.rb:352:in `__send__'
  passenger (2.2.5) lib/phusion_passenger/abstract_server.rb:352:in `main_loop'
  passenger (2.2.5) lib/phusion_passenger/abstract_server.rb:196:in `start_synchronously'

Rendering rescues/layout (not_found)
  [4;36;1mSQL (0.1ms)[0m   [0;1mSET NAMES 'utf8'[0m
  [4;35;1mSQL (0.1ms)[0m   [0mSET SQL_AUTO_IS_NULL=0[0m


Processing MessageController#index (for 85.127.20.28 at 2009-10-10 04:07:12) [GET]
  Parameters: {"body"=>"${keyword} ${message_content}"}
Rendering message/index
Completed in 124ms (View: 121, DB: 0) | 200 OK [http://infomopticon.kinyei.org/message/?body=${keyword}%20${message_content}]
  [4;36;1mSQL (0.1ms)[0m   [0;1mSET NAMES 'utf8'[0m
  [4;35;1mSQL (0.1ms)[0m   [0mSET SQL_AUTO_IS_NULL=0[0m
  [4;36;1mSQL (0.2ms)[0m   [0;1mSHOW TABLES[0m
  [4;35;1mSQL (83.3ms)[0m   [0mCREATE TABLE `schema_migrations` (`version` varchar(255) NOT NULL) ENGINE=InnoDB[0m
  [4;36;1mSQL (3.9ms)[0m   [0;1mCREATE UNIQUE INDEX `unique_schema_migrations` ON `schema_migrations` (`version`)[0m
  [4;35;1mSQL (0.2ms)[0m   [0mSHOW TABLES[0m
  [4;36;1mSQL (0.2ms)[0m   [0;1mSELECT version FROM schema_migrations[0m
Migrating to CreateExchangeRates (20091218091507)
  [4;35;1mSQL (1.1ms)[0m   [0mCREATE TABLE `exchange_rates` (`id` int(11) DEFAULT NULL auto_increment PRIMARY KEY, `created_at` datetime, `updated_at` datetime) ENGINE=InnoDB[0m
  [4;36;1mSQL (0.3ms)[0m   [0;1mINSERT INTO schema_migrations (version) VALUES ('20091218091507')[0m
Migrating to CreatePrices (20091218091526)
  [4;35;1mSQL (15.0ms)[0m   [0mCREATE TABLE `prices` (`id` int(11) DEFAULT NULL auto_increment PRIMARY KEY, `created_at` datetime, `updated_at` datetime) ENGINE=InnoDB[0m
  [4;36;1mSQL (0.2ms)[0m   [0;1mINSERT INTO schema_migrations (version) VALUES ('20091218091526')[0m
Migrating to CreateWeatherForecasts (20091218091538)
  [4;35;1mSQL (1.0ms)[0m   [0mCREATE TABLE `weather_forecasts` (`id` int(11) DEFAULT NULL auto_increment PRIMARY KEY, `created_at` datetime, `updated_at` datetime) ENGINE=InnoDB[0m
  [4;36;1mSQL (0.2ms)[0m   [0;1mINSERT INTO schema_migrations (version) VALUES ('20091218091538')[0m
  [4;35;1mSQL (0.2ms)[0m   [0mSHOW TABLES[0m
  [4;36;1mSQL (0.1ms)[0m   [0;1mSELECT version FROM schema_migrations[0m
  [4;35;1mSQL (0.1ms)[0m   [0mSHOW TABLES[0m
  [4;36;1mSQL (5.9ms)[0m   [0;1mSHOW FIELDS FROM `exchange_rates`[0m
  [4;35;1mSQL (0.3ms)[0m   [0mdescribe `exchange_rates`[0m
  [4;36;1mSQL (0.2ms)[0m   [0;1mSHOW KEYS FROM `exchange_rates`[0m
  [4;35;1mSQL (27.7ms)[0m   [0mSHOW FIELDS FROM `prices`[0m
  [4;36;1mSQL (0.3ms)[0m   [0;1mdescribe `prices`[0m
  [4;35;1mSQL (0.2ms)[0m   [0mSHOW KEYS FROM `prices`[0m
  [4;36;1mSQL (5.6ms)[0m   [0;1mSHOW FIELDS FROM `weather_forecasts`[0m
  [4;35;1mSQL (0.3ms)[0m   [0mdescribe `weather_forecasts`[0m
  [4;36;1mSQL (0.2ms)[0m   [0;1mSHOW KEYS FROM `weather_forecasts`[0m
  [4;36;1mSQL (0.1ms)[0m   [0;1mSET NAMES 'utf8'[0m
  [4;35;1mSQL (0.1ms)[0m   [0mSET SQL_AUTO_IS_NULL=0[0m
  [4;36;1mSQL (0.3ms)[0m   [0;1mSHOW TABLES[0m
  [4;35;1mSQL (0.1ms)[0m   [0mSELECT version FROM schema_migrations[0m
Migrating to CreateExchangeRates (20091218091507)
Migrating to CreatePrices (20091218091526)
Migrating to CreateWeatherForecasts (20091218091538)
Migrating to CreateCommodities (20091218092924)
  [4;36;1mSQL (291.8ms)[0m   [0;1mCREATE TABLE `commodities` (`id` int(11) DEFAULT NULL auto_increment PRIMARY KEY, `created_at` datetime, `updated_at` datetime) ENGINE=InnoDB[0m
  [4;35;1mSQL (0.3ms)[0m   [0mINSERT INTO schema_migrations (version) VALUES ('20091218092924')[0m
Migrating to CreateMarkets (20091218092937)
  [4;36;1mSQL (7.3ms)[0m   [0;1mCREATE TABLE `markets` (`id` int(11) DEFAULT NULL auto_increment PRIMARY KEY, `created_at` datetime, `updated_at` datetime) ENGINE=InnoDB[0m
  [4;35;1mSQL (0.3ms)[0m   [0mINSERT INTO schema_migrations (version) VALUES ('20091218092937')[0m
  [4;36;1mSQL (0.2ms)[0m   [0;1mSHOW TABLES[0m
  [4;35;1mSQL (0.1ms)[0m   [0mSELECT version FROM schema_migrations[0m
  [4;36;1mSQL (0.1ms)[0m   [0;1mSHOW TABLES[0m
  [4;35;1mSQL (0.4ms)[0m   [0mSHOW FIELDS FROM `commodities`[0m
  [4;36;1mSQL (0.3ms)[0m   [0;1mdescribe `commodities`[0m
  [4;35;1mSQL (0.2ms)[0m   [0mSHOW KEYS FROM `commodities`[0m
  [4;36;1mSQL (0.3ms)[0m   [0;1mSHOW FIELDS FROM `exchange_rates`[0m
  [4;35;1mSQL (0.3ms)[0m   [0mdescribe `exchange_rates`[0m
  [4;36;1mSQL (0.2ms)[0m   [0;1mSHOW KEYS FROM `exchange_rates`[0m
  [4;35;1mSQL (0.3ms)[0m   [0mSHOW FIELDS FROM `markets`[0m
  [4;36;1mSQL (0.3ms)[0m   [0;1mdescribe `markets`[0m
  [4;35;1mSQL (0.2ms)[0m   [0mSHOW KEYS FROM `markets`[0m
  [4;36;1mSQL (0.3ms)[0m   [0;1mSHOW FIELDS FROM `prices`[0m
  [4;35;1mSQL (0.3ms)[0m   [0mdescribe `prices`[0m
  [4;36;1mSQL (0.2ms)[0m   [0;1mSHOW KEYS FROM `prices`[0m
  [4;35;1mSQL (0.3ms)[0m   [0mSHOW FIELDS FROM `weather_forecasts`[0m
  [4;36;1mSQL (0.3ms)[0m   [0;1mdescribe `weather_forecasts`[0m
  [4;35;1mSQL (0.2ms)[0m   [0mSHOW KEYS FROM `weather_forecasts`[0m
  [4;36;1mSQL (0.1ms)[0m   [0;1mSET NAMES 'utf8'[0m
  [4;35;1mSQL (0.1ms)[0m   [0mSET SQL_AUTO_IS_NULL=0[0m
  [4;36;1mSQL (0.2ms)[0m   [0;1mSHOW TABLES[0m
  [4;35;1mSQL (0.1ms)[0m   [0mSELECT version FROM schema_migrations[0m
Migrating to CreateExchangeRates (20091218091507)
Migrating to CreatePrices (20091218091526)
Migrating to CreateWeatherForecasts (20091218091538)
Migrating to CreateCommodities (20091218092924)
Migrating to CreateMarkets (20091218092937)
  [4;36;1mSQL (0.2ms)[0m   [0;1mSHOW TABLES[0m
  [4;35;1mSQL (0.1ms)[0m   [0mSELECT version FROM schema_migrations[0m
  [4;36;1mSQL (0.1ms)[0m   [0;1mSHOW TABLES[0m
  [4;35;1mSQL (0.4ms)[0m   [0mSHOW FIELDS FROM `commodities`[0m
  [4;36;1mSQL (0.4ms)[0m   [0;1mdescribe `commodities`[0m
  [4;35;1mSQL (0.2ms)[0m   [0mSHOW KEYS FROM `commodities`[0m
  [4;36;1mSQL (0.3ms)[0m   [0;1mSHOW FIELDS FROM `exchange_rates`[0m
  [4;35;1mSQL (0.3ms)[0m   [0mdescribe `exchange_rates`[0m
  [4;36;1mSQL (0.2ms)[0m   [0;1mSHOW KEYS FROM `exchange_rates`[0m
  [4;35;1mSQL (0.3ms)[0m   [0mSHOW FIELDS FROM `markets`[0m
  [4;36;1mSQL (0.3ms)[0m   [0;1mdescribe `markets`[0m
  [4;35;1mSQL (0.2ms)[0m   [0mSHOW KEYS FROM `markets`[0m
  [4;36;1mSQL (0.3ms)[0m   [0;1mSHOW FIELDS FROM `prices`[0m
  [4;35;1mSQL (0.3ms)[0m   [0mdescribe `prices`[0m
  [4;36;1mSQL (0.2ms)[0m   [0;1mSHOW KEYS FROM `prices`[0m
  [4;35;1mSQL (0.3ms)[0m   [0mSHOW FIELDS FROM `weather_forecasts`[0m
  [4;36;1mSQL (0.3ms)[0m   [0;1mdescribe `weather_forecasts`[0m
  [4;35;1mSQL (0.2ms)[0m   [0mSHOW KEYS FROM `weather_forecasts`[0m
